<?xml version="1.0" encoding="UTF-8"?>
<!-- Generated by org.testng.reporters.JUnitXMLReporter -->
<testsuite ignored="18" hostname="DESKTOP-8BJQT84" failures="0" tests="1" name="Default test" time="16.463" errors="0" timestamp="2023-11-06T15:20:31 IST">
  <testcase classname="com.empire.qa.testcases.MrpFactorsPageTest" name="VerifybackBtnAddMrpFactorsPgTest" time="3.037"/>
  <testcase classname="com.empire.qa.testcases.MrpFactorsPageTest" name="VerifyBackBtnTest" time="0.0">
    <ignored/>
  </testcase> <!-- VerifyBackBtnTest -->
  <testcase classname="com.empire.qa.testcases.MrpFactorsPageTest" name="VerifyPage2BtnTest" time="0.0">
    <ignored/>
  </testcase> <!-- VerifyPage2BtnTest -->
  <testcase classname="com.empire.qa.testcases.MrpFactorsPageTest" name="VerifyaddNewMrpFactorwithInvalidFactorValueTest" time="0.0">
    <ignored/>
  </testcase> <!-- VerifyaddNewMrpFactorwithInvalidFactorValueTest -->
  <testcase classname="com.empire.qa.testcases.MrpFactorsPageTest" name="VerifyNextPageBtnTest" time="0.0">
    <ignored/>
  </testcase> <!-- VerifyNextPageBtnTest -->
  <testcase classname="com.empire.qa.testcases.MrpFactorsPageTest" name="VerifyFactorValueSortingTest" time="0.0">
    <ignored/>
  </testcase> <!-- VerifyFactorValueSortingTest -->
  <testcase classname="com.empire.qa.testcases.MrpFactorsPageTest" name="VerifyPreviousPageBtnTest" time="0.0">
    <ignored/>
  </testcase> <!-- VerifyPreviousPageBtnTest -->
  <testcase classname="com.empire.qa.testcases.MrpFactorsPageTest" name="VerifymrpfactorspageTitleTest" time="0.0">
    <ignored/>
  </testcase> <!-- VerifymrpfactorspageTitleTest -->
  <testcase classname="com.empire.qa.testcases.MrpFactorsPageTest" name="VerifySnoSortingTest" time="0.0">
    <ignored/>
  </testcase> <!-- VerifySnoSortingTest -->
  <testcase classname="com.empire.qa.testcases.MrpFactorsPageTest" name="VerifyDeleteButtonByClickingYesTest" time="0.0">
    <ignored/>
  </testcase> <!-- VerifyDeleteButtonByClickingYesTest -->
  <testcase classname="com.empire.qa.testcases.MrpFactorsPageTest" name="VerifyaddNewMrpFactorwithValidDataTest" time="0.0">
    <ignored/>
  </testcase> <!-- VerifyaddNewMrpFactorwithValidDataTest -->
  <testcase classname="com.empire.qa.testcases.MrpFactorsPageTest" name="VerifyaddNewMrpFactorwithoutDataTest" time="0.0">
    <ignored/>
  </testcase> <!-- VerifyaddNewMrpFactorwithoutDataTest -->
  <testcase classname="com.empire.qa.testcases.MrpFactorsPageTest" name="VerifyDeleteButtonBySearchFactorNameTest" time="0.0">
    <ignored/>
  </testcase> <!-- VerifyDeleteButtonBySearchFactorNameTest -->
  <testcase classname="com.empire.qa.testcases.MrpFactorsPageTest" name="VerifyToTopArrowBtnTest" time="0.0">
    <ignored/>
  </testcase> <!-- VerifyToTopArrowBtnTest -->
  <testcase classname="com.empire.qa.testcases.MrpFactorsPageTest" name="VerifyEditButtonBySearchFactorNameTest" time="0.0">
    <ignored/>
  </testcase> <!-- VerifyEditButtonBySearchFactorNameTest -->
  <testcase classname="com.empire.qa.testcases.MrpFactorsPageTest" name="VerifyFactorNameSortingTest" time="0.0">
    <ignored/>
  </testcase> <!-- VerifyFactorNameSortingTest -->
  <testcase classname="com.empire.qa.testcases.MrpFactorsPageTest" name="VerifySearchTextFieldTest" time="0.0">
    <ignored/>
  </testcase> <!-- VerifySearchTextFieldTest -->
  <testcase classname="com.empire.qa.testcases.MrpFactorsPageTest" name="VerifySearchTextFieldWithInvalidDataTest" time="0.0">
    <ignored/>
  </testcase> <!-- VerifySearchTextFieldWithInvalidDataTest -->
  <testcase classname="com.empire.qa.testcases.MrpFactorsPageTest" name="VerifyShowEntriesDropdownTest" time="0.0">
    <ignored/>
  </testcase> <!-- VerifyShowEntriesDropdownTest -->
</testsuite> <!-- Default test -->
