<?xml version="1.0" encoding="UTF-8"?>
<!-- Generated by org.testng.reporters.JUnitXMLReporter -->
<testsuite ignored="0" hostname="Sanjay" failures="0" tests="3" name="Test" time="26.221" errors="0" timestamp="2023-12-29T03:53:21 IST">
  <testcase classname="com.empire.qa.testcases.LoginPageTest" name="VerifyEhomeTitleTest" time="0.014"/>
  <testcase classname="com.empire.qa.testcases.LoginPageTest" name="VerifyEhomeImageTest" time="0.078"/>
  <testcase classname="com.empire.qa.testcases.LoginPageTest" name="VerifyLoginPageTest" time="1.572"/>
</testsuite> <!-- Test -->
