<?xml version="1.0" encoding="UTF-8"?>
<testng-results ignored="0" total="3" passed="3" failed="0" skipped="0">
  <reporter-output>
  </reporter-output>
  <suite started-at="2023-12-24T14:00:32 IST" name="Suite" finished-at="2023-12-24T14:00:55 IST" duration-ms="23605">
    <groups>
    </groups>
    <test started-at="2023-12-24T14:00:32 IST" name="Test" finished-at="2023-12-24T14:00:55 IST" duration-ms="23605">
      <class name="com.empire.qa.testcases.LoginPageTest">
        <test-method is-config="true" signature="setup()[pri:0, instance:com.empire.qa.testcases.LoginPageTest@56cdfb3b]" started-at="2023-12-24T14:00:32 IST" name="setup" finished-at="2023-12-24T14:00:40 IST" duration-ms="8373" status="PASS">
          <reporter-output>
          </reporter-output>
        </test-method> <!-- setup -->
        <test-method signature="VerifyEhomeTitleTest()[pri:1, instance:com.empire.qa.testcases.LoginPageTest@56cdfb3b]" started-at="2023-12-24T14:00:40 IST" name="VerifyEhomeTitleTest" finished-at="2023-12-24T14:00:40 IST" duration-ms="11" status="PASS">
          <reporter-output>
          </reporter-output>
        </test-method> <!-- VerifyEhomeTitleTest -->
        <test-method is-config="true" signature="teardown()[pri:0, instance:com.empire.qa.testcases.LoginPageTest@56cdfb3b]" started-at="2023-12-24T14:00:40 IST" name="teardown" finished-at="2023-12-24T14:00:40 IST" duration-ms="247" status="PASS">
          <reporter-output>
          </reporter-output>
        </test-method> <!-- teardown -->
        <test-method is-config="true" signature="setup()[pri:0, instance:com.empire.qa.testcases.LoginPageTest@56cdfb3b]" started-at="2023-12-24T14:00:40 IST" name="setup" finished-at="2023-12-24T14:00:47 IST" duration-ms="6394" status="PASS">
          <reporter-output>
          </reporter-output>
        </test-method> <!-- setup -->
        <test-method signature="VerifyEhomeImageTest()[pri:2, instance:com.empire.qa.testcases.LoginPageTest@56cdfb3b]" started-at="2023-12-24T14:00:47 IST" name="VerifyEhomeImageTest" finished-at="2023-12-24T14:00:47 IST" duration-ms="52" status="PASS">
          <reporter-output>
          </reporter-output>
        </test-method> <!-- VerifyEhomeImageTest -->
        <test-method is-config="true" signature="teardown()[pri:0, instance:com.empire.qa.testcases.LoginPageTest@56cdfb3b]" started-at="2023-12-24T14:00:47 IST" name="teardown" finished-at="2023-12-24T14:00:47 IST" duration-ms="200" status="PASS">
          <reporter-output>
          </reporter-output>
        </test-method> <!-- teardown -->
        <test-method is-config="true" signature="setup()[pri:0, instance:com.empire.qa.testcases.LoginPageTest@56cdfb3b]" started-at="2023-12-24T14:00:47 IST" name="setup" finished-at="2023-12-24T14:00:53 IST" duration-ms="6120" status="PASS">
          <reporter-output>
          </reporter-output>
        </test-method> <!-- setup -->
        <test-method signature="VerifyLoginPageTest()[pri:3, instance:com.empire.qa.testcases.LoginPageTest@56cdfb3b]" started-at="2023-12-24T14:00:53 IST" name="VerifyLoginPageTest" finished-at="2023-12-24T14:00:55 IST" duration-ms="1906" status="PASS">
          <reporter-output>
          </reporter-output>
        </test-method> <!-- VerifyLoginPageTest -->
        <test-method is-config="true" signature="teardown()[pri:0, instance:com.empire.qa.testcases.LoginPageTest@56cdfb3b]" started-at="2023-12-24T14:00:55 IST" name="teardown" finished-at="2023-12-24T14:00:55 IST" duration-ms="266" status="PASS">
          <reporter-output>
          </reporter-output>
        </test-method> <!-- teardown -->
      </class> <!-- com.empire.qa.testcases.LoginPageTest -->
    </test> <!-- Test -->
  </suite> <!-- Suite -->
</testng-results>
