<?xml version="1.0" encoding="UTF-8"?>
<testng-results ignored="0" total="3" passed="3" failed="0" skipped="0">
  <reporter-output>
  </reporter-output>
  <suite started-at="2023-11-03T13:32:41 IST" name="Default suite" finished-at="2023-11-03T13:33:44 IST" duration-ms="62556">
    <groups>
    </groups>
    <test started-at="2023-11-03T13:32:41 IST" name="Default test" finished-at="2023-11-03T13:33:44 IST" duration-ms="62556">
      <class name="com.empire.qa.testcases.AddInventoryTest">
        <test-method is-config="true" signature="setup()[pri:0, instance:com.empire.qa.testcases.AddInventoryTest@5629510]" started-at="2023-11-03T13:32:42 IST" name="setup" finished-at="2023-11-03T13:33:00 IST" duration-ms="17302" status="PASS">
          <reporter-output>
          </reporter-output>
        </test-method> <!-- setup -->
        <test-method signature="VerifyAddInventoryPageTest(java.lang.String,java.lang.String,java.lang.String,java.lang.String,java.lang.String,java.lang.String,java.lang.String,java.lang.String,java.lang.String,java.lang.String,java.lang.String,java.lang.String,java.lang.String,java.lang.String)[pri:0, instance:com.empire.qa.testcases.AddInventoryTest@5629510]" started-at="2023-11-03T13:33:00 IST" name="VerifyAddInventoryPageTest" data-provider="Exceldata" finished-at="2023-11-03T13:33:06 IST" duration-ms="6677" status="PASS">
          <params>
            <param index="0">
              <value>
                <![CDATA[SKP001]]>
              </value>
            </param>
            <param index="1">
              <value>
                <![CDATA[Good Bed]]>
              </value>
            </param>
            <param index="2">
              <value>
                <![CDATA[Happy Sleep]]>
              </value>
            </param>
            <param index="3">
              <value>
                <![CDATA[Ikea]]>
              </value>
            </param>
            <param index="4">
              <value>
                <![CDATA[3.8]]>
              </value>
            </param>
            <param index="5">
              <value>
                <![CDATA[4.3]]>
              </value>
            </param>
            <param index="6">
              <value>
                <![CDATA[4.5]]>
              </value>
            </param>
            <param index="7">
              <value>
                <![CDATA[Brown]]>
              </value>
            </param>
            <param index="8">
              <value>
                <![CDATA[13500]]>
              </value>
            </param>
            <param index="9">
              <value>
                <![CDATA[B120]]>
              </value>
            </param>
            <param index="10">
              <value>
                <![CDATA[U201]]>
              </value>
            </param>
            <param index="11">
              <value>
                <![CDATA[Sanjay Enterprises]]>
              </value>
            </param>
            <param index="12">
              <value>
                <![CDATA[IK123454]]>
              </value>
            </param>
            <param index="13">
              <value>
                <![CDATA[2]]>
              </value>
            </param>
          </params>
          <reporter-output>
          </reporter-output>
        </test-method> <!-- VerifyAddInventoryPageTest -->
        <test-method is-config="true" signature="teardown()[pri:0, instance:com.empire.qa.testcases.AddInventoryTest@5629510]" started-at="2023-11-03T13:33:06 IST" name="teardown" finished-at="2023-11-03T13:33:06 IST" duration-ms="256" status="PASS">
          <reporter-output>
          </reporter-output>
        </test-method> <!-- teardown -->
        <test-method is-config="true" signature="setup()[pri:0, instance:com.empire.qa.testcases.AddInventoryTest@5629510]" started-at="2023-11-03T13:33:06 IST" name="setup" finished-at="2023-11-03T13:33:22 IST" duration-ms="15341" status="PASS">
          <reporter-output>
          </reporter-output>
        </test-method> <!-- setup -->
        <test-method signature="VerifyAddInventoryPageTest(java.lang.String,java.lang.String,java.lang.String,java.lang.String,java.lang.String,java.lang.String,java.lang.String,java.lang.String,java.lang.String,java.lang.String,java.lang.String,java.lang.String,java.lang.String,java.lang.String)[pri:0, instance:com.empire.qa.testcases.AddInventoryTest@5629510]" started-at="2023-11-03T13:33:22 IST" name="VerifyAddInventoryPageTest" data-provider="Exceldata" finished-at="2023-11-03T13:33:28 IST" duration-ms="6429" status="PASS">
          <params>
            <param index="0">
              <value>
                <![CDATA[SKP002]]>
              </value>
            </param>
            <param index="1">
              <value>
                <![CDATA[Good Bed]]>
              </value>
            </param>
            <param index="2">
              <value>
                <![CDATA[Happy Sleep]]>
              </value>
            </param>
            <param index="3">
              <value>
                <![CDATA[Ikea]]>
              </value>
            </param>
            <param index="4">
              <value>
                <![CDATA[1.8]]>
              </value>
            </param>
            <param index="5">
              <value>
                <![CDATA[2]]>
              </value>
            </param>
            <param index="6">
              <value>
                <![CDATA[3.1]]>
              </value>
            </param>
            <param index="7">
              <value>
                <![CDATA[White]]>
              </value>
            </param>
            <param index="8">
              <value>
                <![CDATA[22000]]>
              </value>
            </param>
            <param index="9">
              <value>
                <![CDATA[B128]]>
              </value>
            </param>
            <param index="10">
              <value>
                <![CDATA[U202]]>
              </value>
            </param>
            <param index="11">
              <value>
                <![CDATA[Sanjay Enterprises]]>
              </value>
            </param>
            <param index="12">
              <value>
                <![CDATA[IK124657]]>
              </value>
            </param>
            <param index="13">
              <value>
                <![CDATA[2]]>
              </value>
            </param>
          </params>
          <reporter-output>
          </reporter-output>
        </test-method> <!-- VerifyAddInventoryPageTest -->
        <test-method is-config="true" signature="teardown()[pri:0, instance:com.empire.qa.testcases.AddInventoryTest@5629510]" started-at="2023-11-03T13:33:28 IST" name="teardown" finished-at="2023-11-03T13:33:29 IST" duration-ms="332" status="PASS">
          <reporter-output>
          </reporter-output>
        </test-method> <!-- teardown -->
        <test-method is-config="true" signature="setup()[pri:0, instance:com.empire.qa.testcases.AddInventoryTest@5629510]" started-at="2023-11-03T13:33:29 IST" name="setup" finished-at="2023-11-03T13:33:44 IST" duration-ms="15118" status="PASS">
          <reporter-output>
          </reporter-output>
        </test-method> <!-- setup -->
        <test-method signature="VerifyAddInventoryPageTitleTest()[pri:1, instance:com.empire.qa.testcases.AddInventoryTest@5629510]" started-at="2023-11-03T13:33:44 IST" name="VerifyAddInventoryPageTitleTest" finished-at="2023-11-03T13:33:44 IST" duration-ms="0" status="PASS">
          <reporter-output>
          </reporter-output>
        </test-method> <!-- VerifyAddInventoryPageTitleTest -->
        <test-method is-config="true" signature="teardown()[pri:0, instance:com.empire.qa.testcases.AddInventoryTest@5629510]" started-at="2023-11-03T13:33:44 IST" name="teardown" finished-at="2023-11-03T13:33:44 IST" duration-ms="289" status="PASS">
          <reporter-output>
          </reporter-output>
        </test-method> <!-- teardown -->
      </class> <!-- com.empire.qa.testcases.AddInventoryTest -->
    </test> <!-- Default test -->
  </suite> <!-- Default suite -->
</testng-results>
